[2021-11-13T01:36:42.442268+00:00] main.DEBUG: Entering login handler, add item: {"session":"950666613559674c482df521ec9e961a","handler":"item","mode":"add","name":"test","description":"test","quantity":"7","household id":"4"} []
[2021-11-13T01:36:42.444055+00:00] main.DEBUG: Entering constructor {"session":"950666613559674c482df521ec9e961a","class":"InventoryService","method":"construct"} []
[2021-11-13T01:36:42.444293+00:00] main.DEBUG: Creating HouseHoldService Service {"session":"950666613559674c482df521ec9e961a","class":"InventoryService","method":"construct"} []
[2021-11-13T01:36:42.444339+00:00] main.DEBUG: Exiting constructor {"session":"950666613559674c482df521ec9e961a","class":"InventoryService","method":"construct"} []
[2021-11-13T01:36:42.444380+00:00] main.DEBUG: Entering method {"session":"950666613559674c482df521ec9e961a","class":"InventoryService","method":"addInventoryItem"} []
[2021-11-13T01:36:42.444414+00:00] main.INFO: Adding Inventory Item {"session":"950666613559674c482df521ec9e961a","InventoryItem":"test","class":"InventoryService","method":"addInventoryItem"} []
[2021-11-13T01:36:42.444465+00:00] main.DEBUG: Entering constructor {"session":"950666613559674c482df521ec9e961a","class":"Database","method":"construct"} []
[2021-11-13T01:36:42.444685+00:00] main.INFO: Creating UserDAO {"session":"950666613559674c482df521ec9e961a","class":"Database","method":"construct"} []
[2021-11-13T01:36:42.444724+00:00] main.INFO: Creating connection to database {"session":"950666613559674c482df521ec9e961a","class":"Database","method":"construct"} []
[2021-11-13T01:36:43.190813+00:00] main.DEBUG: Exiting constructor {"session":"950666613559674c482df521ec9e961a","class":"Database","method":"construct"} []
[2021-11-13T01:36:43.190933+00:00] main.DEBUG: Entering constructor {"session":"950666613559674c482df521ec9e961a","class":"InventoryItemDAO","method":"construct"} []
[2021-11-13T01:36:43.191217+00:00] main.INFO: Creating InventoryItemDAO {"session":"950666613559674c482df521ec9e961a","class":"InventoryItemDAO","method":"construct"} []
[2021-11-13T01:36:43.191262+00:00] main.DEBUG: Exiting constructor {"session":"950666613559674c482df521ec9e961a","class":"InventoryItemDAO","method":"construct"} []
[2021-11-13T01:36:43.191682+00:00] main.DEBUG: Entering method {"session":"950666613559674c482df521ec9e961a","class":"InventoryItemDAO","method":"addInventoryItem"} []
[2021-11-13T01:36:43.193295+00:00] main.DEBUG: Exiting method {"session":"950666613559674c482df521ec9e961a","class":"InventoryItemDAO","method":"addInventoryItem"} []
[2021-11-13T01:36:43.193380+00:00] main.INFO: Success: added inventory item {"session":"950666613559674c482df521ec9e961a","InventoryItem":"test","class":"InventoryService","method":"addInventoryItem"} []
[2021-11-13T01:36:43.282145+00:00] main.DEBUG: Exiting method {"session":"950666613559674c482df521ec9e961a","class":"InventoryService","method":"addInventoryItem"} []
[2021-11-13T01:36:43.282376+00:00] main.DEBUG: Inside login handler, add item success: {"session":"950666613559674c482df521ec9e961a","handler":"item","mode":"add","name":"test","description":"test","quantity":"7","household id":"4"} []
[2021-11-13T01:36:43.283904+00:00] main.DEBUG: Entering constructor {"session":"950666613559674c482df521ec9e961a","class":"InventoryService","method":"construct"} []
[2021-11-13T01:36:43.284379+00:00] main.DEBUG: Creating HouseHoldService Service {"session":"950666613559674c482df521ec9e961a","class":"InventoryService","method":"construct"} []
[2021-11-13T01:36:43.284461+00:00] main.DEBUG: Exiting constructor {"session":"950666613559674c482df521ec9e961a","class":"InventoryService","method":"construct"} []
[2021-11-13T01:36:43.285067+00:00] main.DEBUG: Entering method {"session":"950666613559674c482df521ec9e961a","class":"InventoryService","method":"getHouseHoldInventoryItems"} []
[2021-11-13T01:36:43.285162+00:00] main.INFO: Retrieving inventory items for house hold {"session":"950666613559674c482df521ec9e961a","HouseHoldId":4,"class":"InventoryService","method":"getHouseHoldInventoryItems"} []
[2021-11-13T01:36:43.285280+00:00] main.DEBUG: Entering constructor {"session":"950666613559674c482df521ec9e961a","class":"Database","method":"construct"} []
[2021-11-13T01:36:43.285709+00:00] main.INFO: Creating UserDAO {"session":"950666613559674c482df521ec9e961a","class":"Database","method":"construct"} []
[2021-11-13T01:36:43.285795+00:00] main.INFO: Creating connection to database {"session":"950666613559674c482df521ec9e961a","class":"Database","method":"construct"} []
[2021-11-13T01:36:43.299991+00:00] main.DEBUG: Exiting constructor {"session":"950666613559674c482df521ec9e961a","class":"Database","method":"construct"} []
[2021-11-13T01:36:43.300107+00:00] main.DEBUG: Entering constructor {"session":"950666613559674c482df521ec9e961a","class":"InventoryItemDAO","method":"construct"} []
[2021-11-13T01:36:43.300390+00:00] main.INFO: Creating InventoryItemDAO {"session":"950666613559674c482df521ec9e961a","class":"InventoryItemDAO","method":"construct"} []
[2021-11-13T01:36:43.300433+00:00] main.DEBUG: Exiting constructor {"session":"950666613559674c482df521ec9e961a","class":"InventoryItemDAO","method":"construct"} []
[2021-11-13T01:36:43.300469+00:00] main.DEBUG: Entering method {"session":"950666613559674c482df521ec9e961a","class":"InventoryItemDAO","method":"getInventoryItems"} []
[2021-11-13T01:36:43.301358+00:00] main.DEBUG: Exiting method {"session":"950666613559674c482df521ec9e961a","class":"InventoryItemDAO","method":"getInventoryItems"} []
[2021-11-13T01:36:43.301432+00:00] main.DEBUG: Exiting method {"session":"950666613559674c482df521ec9e961a","class":"InventoryService","method":"getHouseHoldInventoryItems"} []
[2021-11-13T01:36:56.125750+00:00] main.DEBUG: Entering constructor {"session":"950666613559674c482df521ec9e961a","class":"InventoryService","method":"construct"} []
[2021-11-13T01:36:56.127415+00:00] main.DEBUG: Creating HouseHoldService Service {"session":"950666613559674c482df521ec9e961a","class":"InventoryService","method":"construct"} []
[2021-11-13T01:36:56.127463+00:00] main.DEBUG: Exiting constructor {"session":"950666613559674c482df521ec9e961a","class":"InventoryService","method":"construct"} []
[2021-11-13T01:36:56.127501+00:00] main.DEBUG: Entering method {"session":"950666613559674c482df521ec9e961a","class":"InventoryService","method":"getHouseHoldInventoryItem"} []
[2021-11-13T01:36:56.127803+00:00] main.INFO: Retrieving HouseHold Item {"session":"950666613559674c482df521ec9e961a","ItemId":null,"class":"InventoryService","method":"getHouseHoldInventoryItem"} []
[2021-11-13T01:36:56.127867+00:00] main.DEBUG: Entering constructor {"session":"950666613559674c482df521ec9e961a","class":"Database","method":"construct"} []
[2021-11-13T01:36:56.128101+00:00] main.INFO: Creating UserDAO {"session":"950666613559674c482df521ec9e961a","class":"Database","method":"construct"} []
[2021-11-13T01:36:56.128142+00:00] main.INFO: Creating connection to database {"session":"950666613559674c482df521ec9e961a","class":"Database","method":"construct"} []
[2021-11-13T01:36:56.141951+00:00] main.DEBUG: Exiting constructor {"session":"950666613559674c482df521ec9e961a","class":"Database","method":"construct"} []
[2021-11-13T01:36:56.142074+00:00] main.DEBUG: Entering constructor {"session":"950666613559674c482df521ec9e961a","class":"InventoryItemDAO","method":"construct"} []
[2021-11-13T01:36:56.142369+00:00] main.INFO: Creating InventoryItemDAO {"session":"950666613559674c482df521ec9e961a","class":"InventoryItemDAO","method":"construct"} []
[2021-11-13T01:36:56.142412+00:00] main.DEBUG: Exiting constructor {"session":"950666613559674c482df521ec9e961a","class":"InventoryItemDAO","method":"construct"} []
[2021-11-13T01:36:56.142447+00:00] main.DEBUG: Entering method {"session":"950666613559674c482df521ec9e961a","class":"InventoryItemDAO","method":"getInventoryItem"} []
[2021-11-13T01:36:56.143100+00:00] main.DEBUG: Exiting method {"session":"950666613559674c482df521ec9e961a","class":"InventoryItemDAO","method":"getInventoryItem"} []
[2021-11-13T01:36:56.143159+00:00] main.DEBUG: Exiting method {"session":"950666613559674c482df521ec9e961a","class":"InventoryService","method":"getHouseHoldInventoryItem"} []
[2021-11-13T01:36:58.158830+00:00] main.DEBUG: Inside login handler, edit item: {"session":"950666613559674c482df521ec9e961a","handler":"item","mode":"edit","input":"8","name":"test","description":"test","quantity":"71","household id":"4"} []
[2021-11-13T01:36:58.160596+00:00] main.DEBUG: Entering constructor {"session":"950666613559674c482df521ec9e961a","class":"InventoryService","method":"construct"} []
[2021-11-13T01:36:58.160843+00:00] main.DEBUG: Creating HouseHoldService Service {"session":"950666613559674c482df521ec9e961a","class":"InventoryService","method":"construct"} []
[2021-11-13T01:36:58.160889+00:00] main.DEBUG: Exiting constructor {"session":"950666613559674c482df521ec9e961a","class":"InventoryService","method":"construct"} []
[2021-11-13T01:36:58.160930+00:00] main.DEBUG: Entering method {"session":"950666613559674c482df521ec9e961a","class":"InventoryService","method":"updateInventoryItem"} []
[2021-11-13T01:36:58.160965+00:00] main.INFO: Updating item {"session":"950666613559674c482df521ec9e961a","InventoryItem":8,"class":"InventoryService","method":"updateInventoryItem"} []
[2021-11-13T01:36:58.161014+00:00] main.DEBUG: Entering constructor {"session":"950666613559674c482df521ec9e961a","class":"Database","method":"construct"} []
[2021-11-13T01:36:58.161235+00:00] main.INFO: Creating UserDAO {"session":"950666613559674c482df521ec9e961a","class":"Database","method":"construct"} []
[2021-11-13T01:36:58.161273+00:00] main.INFO: Creating connection to database {"session":"950666613559674c482df521ec9e961a","class":"Database","method":"construct"} []
[2021-11-13T01:36:58.395034+00:00] main.DEBUG: Exiting constructor {"session":"950666613559674c482df521ec9e961a","class":"Database","method":"construct"} []
[2021-11-13T01:36:58.395172+00:00] main.DEBUG: Entering constructor {"session":"950666613559674c482df521ec9e961a","class":"InventoryItemDAO","method":"construct"} []
[2021-11-13T01:36:58.395499+00:00] main.INFO: Creating InventoryItemDAO {"session":"950666613559674c482df521ec9e961a","class":"InventoryItemDAO","method":"construct"} []
[2021-11-13T01:36:58.395561+00:00] main.DEBUG: Exiting constructor {"session":"950666613559674c482df521ec9e961a","class":"InventoryItemDAO","method":"construct"} []
[2021-11-13T01:36:58.396165+00:00] main.DEBUG: Entering method {"session":"950666613559674c482df521ec9e961a","class":"InventoryItemDAO","method":"updateInventoryItem"} []
[2021-11-13T01:36:58.397773+00:00] main.DEBUG: Exiting method {"session":"950666613559674c482df521ec9e961a","class":"InventoryItemDAO","method":"updateInventoryItem"} []
[2021-11-13T01:36:58.397854+00:00] main.INFO: Success: updated inventory item {"session":"950666613559674c482df521ec9e961a","InventoryItem":8,"class":"InventoryService","method":"updateInventoryItem"} []
[2021-11-13T01:36:58.456193+00:00] main.DEBUG: Exiting method {"session":"950666613559674c482df521ec9e961a","class":"InventoryService","method":"updateInventoryItem"} []
[2021-11-13T01:36:58.456461+00:00] main.DEBUG: Inside login handler, edit item success: {"session":"950666613559674c482df521ec9e961a","handler":"item","mode":"edit","input":"8","name":"test","description":"test","quantity":"71","household id":"4"} []
[2021-11-13T01:36:58.458127+00:00] main.DEBUG: Entering constructor {"session":"950666613559674c482df521ec9e961a","class":"InventoryService","method":"construct"} []
[2021-11-13T01:36:58.458480+00:00] main.DEBUG: Creating HouseHoldService Service {"session":"950666613559674c482df521ec9e961a","class":"InventoryService","method":"construct"} []
[2021-11-13T01:36:58.458582+00:00] main.DEBUG: Exiting constructor {"session":"950666613559674c482df521ec9e961a","class":"InventoryService","method":"construct"} []
[2021-11-13T01:36:58.459081+00:00] main.DEBUG: Entering method {"session":"950666613559674c482df521ec9e961a","class":"InventoryService","method":"getHouseHoldInventoryItems"} []
[2021-11-13T01:36:58.459144+00:00] main.INFO: Retrieving inventory items for house hold {"session":"950666613559674c482df521ec9e961a","HouseHoldId":4,"class":"InventoryService","method":"getHouseHoldInventoryItems"} []
[2021-11-13T01:36:58.459275+00:00] main.DEBUG: Entering constructor {"session":"950666613559674c482df521ec9e961a","class":"Database","method":"construct"} []
[2021-11-13T01:36:58.459539+00:00] main.INFO: Creating UserDAO {"session":"950666613559674c482df521ec9e961a","class":"Database","method":"construct"} []
[2021-11-13T01:36:58.459584+00:00] main.INFO: Creating connection to database {"session":"950666613559674c482df521ec9e961a","class":"Database","method":"construct"} []
[2021-11-13T01:36:58.474724+00:00] main.DEBUG: Exiting constructor {"session":"950666613559674c482df521ec9e961a","class":"Database","method":"construct"} []
[2021-11-13T01:36:58.474839+00:00] main.DEBUG: Entering constructor {"session":"950666613559674c482df521ec9e961a","class":"InventoryItemDAO","method":"construct"} []
[2021-11-13T01:36:58.475132+00:00] main.INFO: Creating InventoryItemDAO {"session":"950666613559674c482df521ec9e961a","class":"InventoryItemDAO","method":"construct"} []
[2021-11-13T01:36:58.475175+00:00] main.DEBUG: Exiting constructor {"session":"950666613559674c482df521ec9e961a","class":"InventoryItemDAO","method":"construct"} []
[2021-11-13T01:36:58.475211+00:00] main.DEBUG: Entering method {"session":"950666613559674c482df521ec9e961a","class":"InventoryItemDAO","method":"getInventoryItems"} []
[2021-11-13T01:36:58.478365+00:00] main.DEBUG: Exiting method {"session":"950666613559674c482df521ec9e961a","class":"InventoryItemDAO","method":"getInventoryItems"} []
[2021-11-13T01:36:58.478466+00:00] main.DEBUG: Exiting method {"session":"950666613559674c482df521ec9e961a","class":"InventoryService","method":"getHouseHoldInventoryItems"} []
[2021-11-13T01:37:07.365115+00:00] main.DEBUG: Inside login handler, delete item: {"session":"950666613559674c482df521ec9e961a","handler":"item","mode":"delete","input":"8"} []
[2021-11-13T01:37:07.367050+00:00] main.DEBUG: Entering constructor {"session":"950666613559674c482df521ec9e961a","class":"InventoryService","method":"construct"} []
[2021-11-13T01:37:07.367289+00:00] main.DEBUG: Creating HouseHoldService Service {"session":"950666613559674c482df521ec9e961a","class":"InventoryService","method":"construct"} []
[2021-11-13T01:37:07.367334+00:00] main.DEBUG: Exiting constructor {"session":"950666613559674c482df521ec9e961a","class":"InventoryService","method":"construct"} []
[2021-11-13T01:37:07.367371+00:00] main.DEBUG: Entering method {"session":"950666613559674c482df521ec9e961a","class":"InventoryService","method":"deleteInventoryItem"} []
[2021-11-13T01:37:07.367405+00:00] main.INFO: Deleting inventory item {"session":"950666613559674c482df521ec9e961a","InventoryItemId":8,"class":"InventoryService","method":"deleteInventoryItem"} []
[2021-11-13T01:37:07.367455+00:00] main.DEBUG: Entering constructor {"session":"950666613559674c482df521ec9e961a","class":"Database","method":"construct"} []
[2021-11-13T01:37:07.367677+00:00] main.INFO: Creating UserDAO {"session":"950666613559674c482df521ec9e961a","class":"Database","method":"construct"} []
[2021-11-13T01:37:07.367715+00:00] main.INFO: Creating connection to database {"session":"950666613559674c482df521ec9e961a","class":"Database","method":"construct"} []
[2021-11-13T01:37:07.381827+00:00] main.DEBUG: Exiting constructor {"session":"950666613559674c482df521ec9e961a","class":"Database","method":"construct"} []
[2021-11-13T01:37:07.381946+00:00] main.DEBUG: Entering constructor {"session":"950666613559674c482df521ec9e961a","class":"InventoryItemDAO","method":"construct"} []
[2021-11-13T01:37:07.382242+00:00] main.INFO: Creating InventoryItemDAO {"session":"950666613559674c482df521ec9e961a","class":"InventoryItemDAO","method":"construct"} []
[2021-11-13T01:37:07.382287+00:00] main.DEBUG: Exiting constructor {"session":"950666613559674c482df521ec9e961a","class":"InventoryItemDAO","method":"construct"} []
[2021-11-13T01:37:07.382779+00:00] main.DEBUG: Entering method {"session":"950666613559674c482df521ec9e961a","class":"InventoryItemDAO","method":"deleteInventoryItem"} []
[2021-11-13T01:37:07.385700+00:00] main.DEBUG: Exiting method {"session":"950666613559674c482df521ec9e961a","class":"InventoryItemDAO","method":"deleteInventoryItem"} []
[2021-11-13T01:37:07.385763+00:00] main.INFO: Success: Inventory item deleted {"session":"950666613559674c482df521ec9e961a","InventoryItemId":8,"class":"InventoryService","method":"deleteInventoryItem"} []
[2021-11-13T01:37:07.439493+00:00] main.DEBUG: Exiting method {"session":"950666613559674c482df521ec9e961a","class":"InventoryService","method":"deleteInventoryItem"} []
[2021-11-13T01:37:07.439810+00:00] main.DEBUG: Inside login handler, delete item success: {"session":"950666613559674c482df521ec9e961a","handler":"item","mode":"delete","input":"8"} []
[2021-11-13T01:37:07.441167+00:00] main.DEBUG: Entering constructor {"session":"950666613559674c482df521ec9e961a","class":"InventoryService","method":"construct"} []
[2021-11-13T01:37:07.441427+00:00] main.DEBUG: Creating HouseHoldService Service {"session":"950666613559674c482df521ec9e961a","class":"InventoryService","method":"construct"} []
[2021-11-13T01:37:07.441473+00:00] main.DEBUG: Exiting constructor {"session":"950666613559674c482df521ec9e961a","class":"InventoryService","method":"construct"} []
[2021-11-13T01:37:07.441838+00:00] main.DEBUG: Entering method {"session":"950666613559674c482df521ec9e961a","class":"InventoryService","method":"getHouseHoldInventoryItems"} []
[2021-11-13T01:37:07.441884+00:00] main.INFO: Retrieving inventory items for house hold {"session":"950666613559674c482df521ec9e961a","HouseHoldId":4,"class":"InventoryService","method":"getHouseHoldInventoryItems"} []
[2021-11-13T01:37:07.442057+00:00] main.DEBUG: Entering constructor {"session":"950666613559674c482df521ec9e961a","class":"Database","method":"construct"} []
[2021-11-13T01:37:07.442305+00:00] main.INFO: Creating UserDAO {"session":"950666613559674c482df521ec9e961a","class":"Database","method":"construct"} []
[2021-11-13T01:37:07.442346+00:00] main.INFO: Creating connection to database {"session":"950666613559674c482df521ec9e961a","class":"Database","method":"construct"} []
[2021-11-13T01:37:07.456706+00:00] main.DEBUG: Exiting constructor {"session":"950666613559674c482df521ec9e961a","class":"Database","method":"construct"} []
[2021-11-13T01:37:07.456822+00:00] main.DEBUG: Entering constructor {"session":"950666613559674c482df521ec9e961a","class":"InventoryItemDAO","method":"construct"} []
[2021-11-13T01:37:07.457124+00:00] main.INFO: Creating InventoryItemDAO {"session":"950666613559674c482df521ec9e961a","class":"InventoryItemDAO","method":"construct"} []
[2021-11-13T01:37:07.457165+00:00] main.DEBUG: Exiting constructor {"session":"950666613559674c482df521ec9e961a","class":"InventoryItemDAO","method":"construct"} []
[2021-11-13T01:37:07.457200+00:00] main.DEBUG: Entering method {"session":"950666613559674c482df521ec9e961a","class":"InventoryItemDAO","method":"getInventoryItems"} []
[2021-11-13T01:37:07.460626+00:00] main.DEBUG: Exiting method {"session":"950666613559674c482df521ec9e961a","class":"InventoryItemDAO","method":"getInventoryItems"} []
[2021-11-13T01:37:07.460713+00:00] main.DEBUG: Exiting method {"session":"950666613559674c482df521ec9e961a","class":"InventoryService","method":"getHouseHoldInventoryItems"} []
